<?xml version="1.0" encoding="UTF-8"?>
<!-- Generated by org.testng.reporters.JUnitReportReporter -->
<testsuite hostname="HOME-PC" failures="0" tests="4" name="com.apitesting.FakeStoreAPITest" time="0.005" errors="0" timestamp="2025-06-03T14:47:27 MSK" skipped="0">
  <testcase classname="com.apitesting.FakeStoreAPITest" name="testPriceRange" time="0.003"/>
  <testcase classname="com.apitesting.FakeStoreAPITest" name="testRatingRange" time="0.001"/>
  <testcase classname="com.apitesting.FakeStoreAPITest" name="testProductValidation" time="0.001"/>
  <testcase classname="com.apitesting.FakeStoreAPITest" name="testResponseStructure" time="0.000"/>
</testsuite> <!-- com.apitesting.FakeStoreAPITest -->
